2025-12-49 23 INFO  [restartedMain] c.b.EnotesApiServiceApplication - Starting EnotesApiServiceApplication using Java 17.0.7 with PID 21632 (D:\Youtube\Projects\enotes-api-service\enotes-api-service\target\classes started by Pabitra in D:\Youtube\Projects\enotes-api-service\enotes-api-service)
2025-12-49 23 INFO  [restartedMain] c.b.EnotesApiServiceApplication - The following 1 profile is active: "dev"
2025-12-49 23 INFO  [restartedMain] o.s.b.d.e.DevToolsPropertyDefaultsPostProcessor - Devtools property defaults active! Set 'spring.devtools.add-properties' to 'false' to disable
2025-12-49 23 INFO  [restartedMain] o.s.b.d.e.DevToolsPropertyDefaultsPostProcessor - For additional web related logging consider setting the 'logging.level.web' property to 'DEBUG'
2025-12-49 23 INFO  [restartedMain] o.s.d.r.c.RepositoryConfigurationDelegate - Bootstrapping Spring Data JPA repositories in DEFAULT mode.
2025-12-49 23 INFO  [restartedMain] o.s.d.r.c.RepositoryConfigurationDelegate - Finished Spring Data repository scanning in 192 ms. Found 7 JPA repository interfaces.
2025-12-49 23 INFO  [restartedMain] o.s.b.w.e.tomcat.TomcatWebServer - Tomcat initialized with port 8080 (http)
2025-12-49 23 INFO  [restartedMain] o.a.coyote.http11.Http11NioProtocol - Initializing ProtocolHandler ["http-nio-8080"]
2025-12-49 23 INFO  [restartedMain] o.a.catalina.core.StandardService - Starting service [Tomcat]
2025-12-49 23 INFO  [restartedMain] o.a.catalina.core.StandardEngine - Starting Servlet engine: [Apache Tomcat/10.1.30]
2025-12-49 23 INFO  [restartedMain] o.a.c.c.C.[Tomcat].[localhost].[/] - Initializing Spring embedded WebApplicationContext
2025-12-49 23 INFO  [restartedMain] o.s.b.w.s.c.ServletWebServerApplicationContext - Root WebApplicationContext: initialization completed in 5538 ms
2025-12-49 23 INFO  [restartedMain] o.h.jpa.internal.util.LogHelper - HHH000204: Processing PersistenceUnitInfo [name: default]
2025-12-49 23 INFO  [restartedMain] org.hibernate.Version - HHH000412: Hibernate ORM core version 6.5.3.Final
2025-12-49 23 INFO  [restartedMain] o.h.c.i.RegionFactoryInitiator - HHH000026: Second-level cache disabled
2025-12-49 23 INFO  [restartedMain] o.s.o.j.p.SpringPersistenceUnitInfo - No LoadTimeWeaver setup: ignoring JPA class transformer
2025-12-49 23 INFO  [restartedMain] com.zaxxer.hikari.HikariDataSource - HikariPool-1 - Starting...
2025-12-49 23 INFO  [restartedMain] com.zaxxer.hikari.pool.HikariPool - HikariPool-1 - Added connection com.mysql.cj.jdbc.ConnectionImpl@189e339d
2025-12-49 23 INFO  [restartedMain] com.zaxxer.hikari.HikariDataSource - HikariPool-1 - Start completed.
2025-12-49 23 WARN  [restartedMain] org.hibernate.orm.deprecation - HHH90000025: MySQL8Dialect does not need to be specified explicitly using 'hibernate.dialect' (remove the property setting and it will be selected by default)
2025-12-49 23 WARN  [restartedMain] org.hibernate.orm.deprecation - HHH90000026: MySQL8Dialect has been deprecated; use org.hibernate.dialect.MySQLDialect instead
2025-12-49 23 INFO  [restartedMain] o.h.e.t.j.p.i.JtaPlatformInitiator - HHH000489: No JTA platform available (set 'hibernate.transaction.jta.platform' to enable JTA platform integration)
2025-12-49 23 INFO  [restartedMain] o.s.o.j.LocalContainerEntityManagerFactoryBean - Initialized JPA EntityManagerFactory for persistence unit 'default'
2025-12-49 23 INFO  [restartedMain] o.s.s.c.a.a.c.InitializeAuthenticationProviderBeanManagerConfigurer$InitializeAuthenticationProviderManagerConfigurer - Global AuthenticationManager configured with AuthenticationProvider bean with name authenticationProvider
2025-12-49 23 WARN  [restartedMain] o.s.s.c.a.a.c.InitializeUserDetailsBeanManagerConfigurer$InitializeUserDetailsManagerConfigurer - Global AuthenticationManager configured with an AuthenticationProvider bean. UserDetailsService beans will not be used for username/password login. Consider removing the AuthenticationProvider bean. Alternatively, consider using the UserDetailsService in a manually instantiated DaoAuthenticationProvider.
2025-12-49 23 INFO  [restartedMain] o.s.d.j.r.query.QueryEnhancerFactory - Hibernate is in classpath; If applicable, HQL parser will be used.
2025-12-49 23 WARN  [restartedMain] o.s.b.a.o.j.JpaBaseConfiguration$JpaWebConfiguration - spring.jpa.open-in-view is enabled by default. Therefore, database queries may be performed during view rendering. Explicitly configure spring.jpa.open-in-view to disable this warning
2025-12-49 23 INFO  [restartedMain] o.s.b.a.e.web.EndpointLinksResolver - Exposing 13 endpoints beneath base path '/actuator'
2025-12-49 23 INFO  [restartedMain] o.s.b.d.a.OptionalLiveReloadServer - LiveReload server is running on port 35729
2025-12-49 23 INFO  [restartedMain] o.a.coyote.http11.Http11NioProtocol - Starting ProtocolHandler ["http-nio-8080"]
2025-12-50 23 INFO  [restartedMain] o.s.b.w.e.tomcat.TomcatWebServer - Tomcat started on port 8080 (http) with context path '/'
2025-12-50 23 INFO  [restartedMain] c.b.EnotesApiServiceApplication - Started EnotesApiServiceApplication in 27.853 seconds (process running for 30.476)
2025-12-50 23 INFO  [RMI TCP Connection(3)-127.0.0.1] o.a.c.c.C.[Tomcat].[localhost].[/] - Initializing Spring DispatcherServlet 'dispatcherServlet'
2025-12-50 23 INFO  [RMI TCP Connection(3)-127.0.0.1] o.s.web.servlet.DispatcherServlet - Initializing Servlet 'dispatcherServlet'
2025-12-50 23 INFO  [RMI TCP Connection(3)-127.0.0.1] o.s.web.servlet.DispatcherServlet - Completed initialization in 11 ms
2025-12-50 23 INFO  [http-nio-8080-exec-3] com.becoder.aspect.LoggingAspect - Calling :: AuthController :: login()
2025-12-50 23 INFO  [http-nio-8080-exec-3] com.becoder.aspect.LoggingAspect - Calling :: AuthServiceImpl :: login()
2025-12-50 23 INFO  [http-nio-8080-exec-3] com.becoder.aspect.LoggingAspect - Calling :: JwtServiceImpl :: generateToken()
2025-12-50 23 INFO  [http-nio-8080-exec-3] com.becoder.aspect.LoggingAspect - Exceution End :: JwtServiceImpl :: generateToken() ::481 ms
2025-12-50 23 INFO  [http-nio-8080-exec-3] com.becoder.aspect.LoggingAspect - Exceution End :: AuthServiceImpl :: login() ::2348 ms
2025-12-50 23 INFO  [http-nio-8080-exec-3] com.becoder.aspect.LoggingAspect - Exceution End :: AuthController :: login() ::2360 ms
2025-12-51 23 INFO  [http-nio-8080-exec-1] com.becoder.aspect.LoggingAspect - Calling :: JwtServiceImpl :: extractUsername()
2025-12-51 23 INFO  [http-nio-8080-exec-1] com.becoder.aspect.LoggingAspect - Exceution End :: JwtServiceImpl :: extractUsername() ::194 ms
2025-12-51 23 INFO  [http-nio-8080-exec-1] com.becoder.aspect.LoggingAspect - Calling :: JwtServiceImpl :: validateToken()
2025-12-51 23 INFO  [http-nio-8080-exec-1] com.becoder.aspect.LoggingAspect - Exceution End :: JwtServiceImpl :: validateToken() ::8 ms
2025-12-51 23 INFO  [http-nio-8080-exec-1] com.becoder.aspect.LoggingAspect - Calling :: CategoryController :: getAllCategory()
2025-12-51 23 INFO  [http-nio-8080-exec-1] com.becoder.aspect.LoggingAspect - Calling :: CategoryServiceImpl :: getAllCategory()
2025-12-51 23 INFO  [http-nio-8080-exec-1] com.becoder.aspect.LoggingAspect - Exceution End :: CategoryServiceImpl :: getAllCategory() ::163 ms
2025-12-51 23 INFO  [http-nio-8080-exec-1] com.becoder.aspect.LoggingAspect - Exceution End :: CategoryController :: getAllCategory() ::181 ms
2025-12-53 23 INFO  [File Watcher] o.s.b.d.a.LocalDevToolsAutoConfiguration$RestartingClassPathChangeChangedEventListener - Restarting due to 1 class path change (0 additions, 0 deletions, 1 modification)
2025-12-53 23 INFO  [Thread-5] o.a.coyote.http11.Http11NioProtocol - Stopping ProtocolHandler ["http-nio-8080"]
2025-12-54 23 INFO  [Thread-5] o.s.o.j.LocalContainerEntityManagerFactoryBean - Closing JPA EntityManagerFactory for persistence unit 'default'
2025-12-54 23 INFO  [Thread-5] com.zaxxer.hikari.HikariDataSource - HikariPool-1 - Shutdown initiated...
2025-12-54 23 INFO  [Thread-5] com.zaxxer.hikari.HikariDataSource - HikariPool-1 - Shutdown completed.
2025-12-54 23 INFO  [restartedMain] c.b.EnotesApiServiceApplication - Starting EnotesApiServiceApplication using Java 17.0.7 with PID 21632 (D:\Youtube\Projects\enotes-api-service\enotes-api-service\target\classes started by Pabitra in D:\Youtube\Projects\enotes-api-service\enotes-api-service)
2025-12-54 23 INFO  [restartedMain] c.b.EnotesApiServiceApplication - The following 1 profile is active: "dev"
2025-12-54 23 INFO  [restartedMain] o.s.d.r.c.RepositoryConfigurationDelegate - Bootstrapping Spring Data JPA repositories in DEFAULT mode.
2025-12-54 23 INFO  [restartedMain] o.s.d.r.c.RepositoryConfigurationDelegate - Finished Spring Data repository scanning in 125 ms. Found 7 JPA repository interfaces.
2025-12-54 23 INFO  [restartedMain] o.s.b.w.e.tomcat.TomcatWebServer - Tomcat initialized with port 8080 (http)
2025-12-54 23 INFO  [restartedMain] o.a.coyote.http11.Http11NioProtocol - Initializing ProtocolHandler ["http-nio-8080"]
2025-12-54 23 INFO  [restartedMain] o.a.catalina.core.StandardService - Starting service [Tomcat]
2025-12-54 23 INFO  [restartedMain] o.a.catalina.core.StandardEngine - Starting Servlet engine: [Apache Tomcat/10.1.30]
2025-12-54 23 INFO  [restartedMain] o.a.c.c.C.[Tomcat].[localhost].[/] - Initializing Spring embedded WebApplicationContext
2025-12-54 23 INFO  [restartedMain] o.s.b.w.s.c.ServletWebServerApplicationContext - Root WebApplicationContext: initialization completed in 2254 ms
2025-12-54 23 INFO  [restartedMain] o.h.jpa.internal.util.LogHelper - HHH000204: Processing PersistenceUnitInfo [name: default]
2025-12-54 23 INFO  [restartedMain] o.h.c.i.RegionFactoryInitiator - HHH000026: Second-level cache disabled
2025-12-54 23 INFO  [restartedMain] o.s.o.j.p.SpringPersistenceUnitInfo - No LoadTimeWeaver setup: ignoring JPA class transformer
2025-12-54 23 INFO  [restartedMain] com.zaxxer.hikari.HikariDataSource - HikariPool-2 - Starting...
2025-12-54 23 INFO  [restartedMain] com.zaxxer.hikari.pool.HikariPool - HikariPool-2 - Added connection com.mysql.cj.jdbc.ConnectionImpl@4c924a65
2025-12-54 23 INFO  [restartedMain] com.zaxxer.hikari.HikariDataSource - HikariPool-2 - Start completed.
2025-12-54 23 WARN  [restartedMain] org.hibernate.orm.deprecation - HHH90000025: MySQL8Dialect does not need to be specified explicitly using 'hibernate.dialect' (remove the property setting and it will be selected by default)
2025-12-54 23 WARN  [restartedMain] org.hibernate.orm.deprecation - HHH90000026: MySQL8Dialect has been deprecated; use org.hibernate.dialect.MySQLDialect instead
2025-12-54 23 INFO  [restartedMain] o.h.e.t.j.p.i.JtaPlatformInitiator - HHH000489: No JTA platform available (set 'hibernate.transaction.jta.platform' to enable JTA platform integration)
2025-12-54 23 INFO  [restartedMain] o.s.o.j.LocalContainerEntityManagerFactoryBean - Initialized JPA EntityManagerFactory for persistence unit 'default'
2025-12-54 23 INFO  [restartedMain] o.s.s.c.a.a.c.InitializeAuthenticationProviderBeanManagerConfigurer$InitializeAuthenticationProviderManagerConfigurer - Global AuthenticationManager configured with AuthenticationProvider bean with name authenticationProvider
2025-12-54 23 WARN  [restartedMain] o.s.s.c.a.a.c.InitializeUserDetailsBeanManagerConfigurer$InitializeUserDetailsManagerConfigurer - Global AuthenticationManager configured with an AuthenticationProvider bean. UserDetailsService beans will not be used for username/password login. Consider removing the AuthenticationProvider bean. Alternatively, consider using the UserDetailsService in a manually instantiated DaoAuthenticationProvider.
2025-12-54 23 WARN  [restartedMain] o.s.b.a.o.j.JpaBaseConfiguration$JpaWebConfiguration - spring.jpa.open-in-view is enabled by default. Therefore, database queries may be performed during view rendering. Explicitly configure spring.jpa.open-in-view to disable this warning
2025-12-54 23 INFO  [restartedMain] o.s.b.a.e.web.EndpointLinksResolver - Exposing 13 endpoints beneath base path '/actuator'
2025-12-54 23 INFO  [restartedMain] o.s.b.d.a.OptionalLiveReloadServer - LiveReload server is running on port 35729
2025-12-54 23 INFO  [restartedMain] o.a.coyote.http11.Http11NioProtocol - Starting ProtocolHandler ["http-nio-8080"]
2025-12-54 23 INFO  [restartedMain] o.s.b.w.e.tomcat.TomcatWebServer - Tomcat started on port 8080 (http) with context path '/'
2025-12-54 23 INFO  [restartedMain] c.b.EnotesApiServiceApplication - Started EnotesApiServiceApplication in 15.118 seconds (process running for 286.247)
2025-12-54 23 INFO  [restartedMain] o.s.b.d.a.ConditionEvaluationDeltaLoggingListener - Condition evaluation unchanged
2025-12-54 23 INFO  [File Watcher] o.s.b.d.a.LocalDevToolsAutoConfiguration$RestartingClassPathChangeChangedEventListener - Restarting due to 1 class path change (0 additions, 0 deletions, 1 modification)
2025-12-54 23 INFO  [Thread-7] o.a.coyote.http11.Http11NioProtocol - Stopping ProtocolHandler ["http-nio-8080"]
2025-12-54 23 INFO  [Thread-7] o.s.o.j.LocalContainerEntityManagerFactoryBean - Closing JPA EntityManagerFactory for persistence unit 'default'
2025-12-54 23 INFO  [Thread-7] com.zaxxer.hikari.HikariDataSource - HikariPool-2 - Shutdown initiated...
2025-12-54 23 INFO  [Thread-7] com.zaxxer.hikari.HikariDataSource - HikariPool-2 - Shutdown completed.
2025-12-54 23 INFO  [restartedMain] c.b.EnotesApiServiceApplication - Starting EnotesApiServiceApplication using Java 17.0.7 with PID 21632 (D:\Youtube\Projects\enotes-api-service\enotes-api-service\target\classes started by Pabitra in D:\Youtube\Projects\enotes-api-service\enotes-api-service)
2025-12-54 23 INFO  [restartedMain] c.b.EnotesApiServiceApplication - The following 1 profile is active: "dev"
2025-12-54 23 INFO  [restartedMain] o.s.d.r.c.RepositoryConfigurationDelegate - Bootstrapping Spring Data JPA repositories in DEFAULT mode.
2025-12-54 23 INFO  [restartedMain] o.s.d.r.c.RepositoryConfigurationDelegate - Finished Spring Data repository scanning in 58 ms. Found 7 JPA repository interfaces.
2025-12-54 23 INFO  [restartedMain] o.s.b.w.e.tomcat.TomcatWebServer - Tomcat initialized with port 8080 (http)
2025-12-54 23 INFO  [restartedMain] o.a.coyote.http11.Http11NioProtocol - Initializing ProtocolHandler ["http-nio-8080"]
2025-12-54 23 INFO  [restartedMain] o.a.catalina.core.StandardService - Starting service [Tomcat]
2025-12-54 23 INFO  [restartedMain] o.a.catalina.core.StandardEngine - Starting Servlet engine: [Apache Tomcat/10.1.30]
2025-12-54 23 INFO  [restartedMain] o.a.c.c.C.[Tomcat].[localhost].[/] - Initializing Spring embedded WebApplicationContext
2025-12-54 23 INFO  [restartedMain] o.s.b.w.s.c.ServletWebServerApplicationContext - Root WebApplicationContext: initialization completed in 1783 ms
2025-12-54 23 INFO  [restartedMain] o.h.jpa.internal.util.LogHelper - HHH000204: Processing PersistenceUnitInfo [name: default]
2025-12-54 23 INFO  [restartedMain] o.h.c.i.RegionFactoryInitiator - HHH000026: Second-level cache disabled
2025-12-54 23 INFO  [restartedMain] o.s.o.j.p.SpringPersistenceUnitInfo - No LoadTimeWeaver setup: ignoring JPA class transformer
2025-12-54 23 INFO  [restartedMain] com.zaxxer.hikari.HikariDataSource - HikariPool-3 - Starting...
2025-12-54 23 INFO  [restartedMain] com.zaxxer.hikari.pool.HikariPool - HikariPool-3 - Added connection com.mysql.cj.jdbc.ConnectionImpl@24df4f9
2025-12-54 23 INFO  [restartedMain] com.zaxxer.hikari.HikariDataSource - HikariPool-3 - Start completed.
2025-12-54 23 WARN  [restartedMain] org.hibernate.orm.deprecation - HHH90000025: MySQL8Dialect does not need to be specified explicitly using 'hibernate.dialect' (remove the property setting and it will be selected by default)
2025-12-54 23 WARN  [restartedMain] org.hibernate.orm.deprecation - HHH90000026: MySQL8Dialect has been deprecated; use org.hibernate.dialect.MySQLDialect instead
2025-12-54 23 INFO  [restartedMain] o.h.e.t.j.p.i.JtaPlatformInitiator - HHH000489: No JTA platform available (set 'hibernate.transaction.jta.platform' to enable JTA platform integration)
2025-12-54 23 INFO  [restartedMain] o.s.o.j.LocalContainerEntityManagerFactoryBean - Initialized JPA EntityManagerFactory for persistence unit 'default'
2025-12-54 23 INFO  [restartedMain] o.s.s.c.a.a.c.InitializeAuthenticationProviderBeanManagerConfigurer$InitializeAuthenticationProviderManagerConfigurer - Global AuthenticationManager configured with AuthenticationProvider bean with name authenticationProvider
2025-12-54 23 WARN  [restartedMain] o.s.s.c.a.a.c.InitializeUserDetailsBeanManagerConfigurer$InitializeUserDetailsManagerConfigurer - Global AuthenticationManager configured with an AuthenticationProvider bean. UserDetailsService beans will not be used for username/password login. Consider removing the AuthenticationProvider bean. Alternatively, consider using the UserDetailsService in a manually instantiated DaoAuthenticationProvider.
2025-12-54 23 WARN  [restartedMain] o.s.b.a.o.j.JpaBaseConfiguration$JpaWebConfiguration - spring.jpa.open-in-view is enabled by default. Therefore, database queries may be performed during view rendering. Explicitly configure spring.jpa.open-in-view to disable this warning
2025-12-54 23 INFO  [restartedMain] o.s.b.a.e.web.EndpointLinksResolver - Exposing 13 endpoints beneath base path '/actuator'
2025-12-54 23 INFO  [restartedMain] o.s.b.d.a.OptionalLiveReloadServer - LiveReload server is running on port 35729
2025-12-54 23 INFO  [restartedMain] o.a.coyote.http11.Http11NioProtocol - Starting ProtocolHandler ["http-nio-8080"]
2025-12-54 23 INFO  [restartedMain] o.s.b.w.e.tomcat.TomcatWebServer - Tomcat started on port 8080 (http) with context path '/'
2025-12-54 23 INFO  [restartedMain] c.b.EnotesApiServiceApplication - Started EnotesApiServiceApplication in 10.688 seconds (process running for 298.91)
2025-12-54 23 INFO  [restartedMain] o.s.b.d.a.ConditionEvaluationDeltaLoggingListener - Condition evaluation unchanged
2025-12-54 23 INFO  [http-nio-8080-exec-2] o.a.c.c.C.[Tomcat].[localhost].[/] - Initializing Spring DispatcherServlet 'dispatcherServlet'
2025-12-54 23 INFO  [http-nio-8080-exec-2] o.s.web.servlet.DispatcherServlet - Initializing Servlet 'dispatcherServlet'
2025-12-54 23 INFO  [http-nio-8080-exec-2] o.s.web.servlet.DispatcherServlet - Completed initialization in 9 ms
2025-12-54 23 INFO  [http-nio-8080-exec-2] com.becoder.aspect.LoggingAspect - Calling :: JwtServiceImpl :: extractUsername()
2025-12-54 23 INFO  [http-nio-8080-exec-3] com.becoder.aspect.LoggingAspect - Calling :: AuthController :: login()
2025-12-54 23 INFO  [http-nio-8080-exec-3] com.becoder.aspect.LoggingAspect - Calling :: AuthServiceImpl :: login()
2025-12-54 23 INFO  [http-nio-8080-exec-3] com.becoder.aspect.LoggingAspect - Calling :: JwtServiceImpl :: generateToken()
2025-12-54 23 INFO  [http-nio-8080-exec-3] com.becoder.aspect.LoggingAspect - Exceution End :: JwtServiceImpl :: generateToken() ::10 ms
2025-12-54 23 INFO  [http-nio-8080-exec-3] com.becoder.aspect.LoggingAspect - Exceution End :: AuthServiceImpl :: login() ::565 ms
2025-12-54 23 INFO  [http-nio-8080-exec-3] com.becoder.aspect.LoggingAspect - Exceution End :: AuthController :: login() ::567 ms
2025-12-54 23 INFO  [http-nio-8080-exec-6] com.becoder.aspect.LoggingAspect - Calling :: JwtServiceImpl :: extractUsername()
2025-12-54 23 INFO  [http-nio-8080-exec-6] com.becoder.aspect.LoggingAspect - Exceution End :: JwtServiceImpl :: extractUsername() ::2 ms
2025-12-54 23 INFO  [http-nio-8080-exec-6] com.becoder.aspect.LoggingAspect - Calling :: JwtServiceImpl :: validateToken()
2025-12-54 23 INFO  [http-nio-8080-exec-6] com.becoder.aspect.LoggingAspect - Exceution End :: JwtServiceImpl :: validateToken() ::7 ms
2025-12-54 23 INFO  [http-nio-8080-exec-6] com.becoder.aspect.LoggingAspect - Calling :: CategoryController :: getAllCategory()
2025-12-54 23 INFO  [http-nio-8080-exec-6] com.becoder.aspect.LoggingAspect - Calling :: CategoryServiceImpl :: getAllCategory()
2025-12-54 23 INFO  [http-nio-8080-exec-6] com.becoder.aspect.LoggingAspect - Exceution End :: CategoryServiceImpl :: getAllCategory() ::29 ms
2025-12-54 23 INFO  [http-nio-8080-exec-6] com.becoder.aspect.LoggingAspect - Exceution End :: CategoryController :: getAllCategory() ::29 ms
2025-12-55 23 INFO  [http-nio-8080-exec-4] com.becoder.aspect.LoggingAspect - Calling :: JwtServiceImpl :: extractUsername()
2025-12-55 23 INFO  [http-nio-8080-exec-4] com.becoder.aspect.LoggingAspect - Exceution End :: JwtServiceImpl :: extractUsername() ::2 ms
2025-12-55 23 INFO  [http-nio-8080-exec-4] com.becoder.aspect.LoggingAspect - Calling :: JwtServiceImpl :: validateToken()
2025-12-55 23 INFO  [http-nio-8080-exec-4] com.becoder.aspect.LoggingAspect - Exceution End :: JwtServiceImpl :: validateToken() ::4 ms
2025-12-55 23 INFO  [http-nio-8080-exec-4] com.becoder.aspect.LoggingAspect - Calling :: CategoryController :: getAllCategory()
2025-12-55 23 INFO  [http-nio-8080-exec-4] com.becoder.aspect.LoggingAspect - Calling :: CategoryServiceImpl :: getAllCategory()
2025-12-55 23 INFO  [http-nio-8080-exec-4] com.becoder.aspect.LoggingAspect - Exceution End :: CategoryServiceImpl :: getAllCategory() ::19 ms
2025-12-55 23 INFO  [http-nio-8080-exec-4] com.becoder.aspect.LoggingAspect - Exceution End :: CategoryController :: getAllCategory() ::20 ms
2025-12-55 23 INFO  [File Watcher] o.s.b.d.a.LocalDevToolsAutoConfiguration$RestartingClassPathChangeChangedEventListener - Restarting due to 1 class path change (0 additions, 0 deletions, 1 modification)
2025-12-55 23 INFO  [Thread-11] o.a.coyote.http11.Http11NioProtocol - Stopping ProtocolHandler ["http-nio-8080"]
2025-12-55 23 INFO  [Thread-11] o.s.o.j.LocalContainerEntityManagerFactoryBean - Closing JPA EntityManagerFactory for persistence unit 'default'
2025-12-55 23 INFO  [Thread-11] com.zaxxer.hikari.HikariDataSource - HikariPool-3 - Shutdown initiated...
2025-12-55 23 INFO  [Thread-11] com.zaxxer.hikari.HikariDataSource - HikariPool-3 - Shutdown completed.
2025-12-55 23 INFO  [restartedMain] c.b.EnotesApiServiceApplication - Starting EnotesApiServiceApplication using Java 17.0.7 with PID 21632 (D:\Youtube\Projects\enotes-api-service\enotes-api-service\target\classes started by Pabitra in D:\Youtube\Projects\enotes-api-service\enotes-api-service)
2025-12-55 23 INFO  [restartedMain] c.b.EnotesApiServiceApplication - The following 1 profile is active: "dev"
2025-12-55 23 INFO  [restartedMain] o.s.d.r.c.RepositoryConfigurationDelegate - Bootstrapping Spring Data JPA repositories in DEFAULT mode.
2025-12-55 23 INFO  [restartedMain] o.s.d.r.c.RepositoryConfigurationDelegate - Finished Spring Data repository scanning in 43 ms. Found 7 JPA repository interfaces.
2025-12-55 23 INFO  [restartedMain] o.s.b.w.e.tomcat.TomcatWebServer - Tomcat initialized with port 8080 (http)
2025-12-55 23 INFO  [restartedMain] o.a.coyote.http11.Http11NioProtocol - Initializing ProtocolHandler ["http-nio-8080"]
2025-12-55 23 INFO  [restartedMain] o.a.catalina.core.StandardService - Starting service [Tomcat]
2025-12-55 23 INFO  [restartedMain] o.a.catalina.core.StandardEngine - Starting Servlet engine: [Apache Tomcat/10.1.30]
2025-12-55 23 INFO  [restartedMain] o.a.c.c.C.[Tomcat].[localhost].[/] - Initializing Spring embedded WebApplicationContext
2025-12-55 23 INFO  [restartedMain] o.s.b.w.s.c.ServletWebServerApplicationContext - Root WebApplicationContext: initialization completed in 1191 ms
2025-12-55 23 INFO  [restartedMain] o.h.jpa.internal.util.LogHelper - HHH000204: Processing PersistenceUnitInfo [name: default]
2025-12-55 23 INFO  [restartedMain] o.h.c.i.RegionFactoryInitiator - HHH000026: Second-level cache disabled
2025-12-55 23 INFO  [restartedMain] o.s.o.j.p.SpringPersistenceUnitInfo - No LoadTimeWeaver setup: ignoring JPA class transformer
2025-12-55 23 INFO  [restartedMain] com.zaxxer.hikari.HikariDataSource - HikariPool-4 - Starting...
2025-12-55 23 INFO  [restartedMain] com.zaxxer.hikari.pool.HikariPool - HikariPool-4 - Added connection com.mysql.cj.jdbc.ConnectionImpl@5a02d06d
2025-12-55 23 INFO  [restartedMain] com.zaxxer.hikari.HikariDataSource - HikariPool-4 - Start completed.
2025-12-55 23 WARN  [restartedMain] org.hibernate.orm.deprecation - HHH90000025: MySQL8Dialect does not need to be specified explicitly using 'hibernate.dialect' (remove the property setting and it will be selected by default)
2025-12-55 23 WARN  [restartedMain] org.hibernate.orm.deprecation - HHH90000026: MySQL8Dialect has been deprecated; use org.hibernate.dialect.MySQLDialect instead
2025-12-55 23 INFO  [restartedMain] o.h.e.t.j.p.i.JtaPlatformInitiator - HHH000489: No JTA platform available (set 'hibernate.transaction.jta.platform' to enable JTA platform integration)
2025-12-55 23 INFO  [restartedMain] o.s.o.j.LocalContainerEntityManagerFactoryBean - Initialized JPA EntityManagerFactory for persistence unit 'default'
2025-12-55 23 INFO  [restartedMain] o.s.s.c.a.a.c.InitializeAuthenticationProviderBeanManagerConfigurer$InitializeAuthenticationProviderManagerConfigurer - Global AuthenticationManager configured with AuthenticationProvider bean with name authenticationProvider
2025-12-55 23 WARN  [restartedMain] o.s.s.c.a.a.c.InitializeUserDetailsBeanManagerConfigurer$InitializeUserDetailsManagerConfigurer - Global AuthenticationManager configured with an AuthenticationProvider bean. UserDetailsService beans will not be used for username/password login. Consider removing the AuthenticationProvider bean. Alternatively, consider using the UserDetailsService in a manually instantiated DaoAuthenticationProvider.
2025-12-55 23 WARN  [restartedMain] o.s.b.a.o.j.JpaBaseConfiguration$JpaWebConfiguration - spring.jpa.open-in-view is enabled by default. Therefore, database queries may be performed during view rendering. Explicitly configure spring.jpa.open-in-view to disable this warning
2025-12-55 23 INFO  [restartedMain] o.s.b.a.e.web.EndpointLinksResolver - Exposing 13 endpoints beneath base path '/actuator'
2025-12-55 23 INFO  [restartedMain] o.s.b.d.a.OptionalLiveReloadServer - LiveReload server is running on port 35729
2025-12-55 23 INFO  [restartedMain] o.a.coyote.http11.Http11NioProtocol - Starting ProtocolHandler ["http-nio-8080"]
2025-12-55 23 INFO  [restartedMain] o.s.b.w.e.tomcat.TomcatWebServer - Tomcat started on port 8080 (http) with context path '/'
2025-12-55 23 INFO  [restartedMain] c.b.EnotesApiServiceApplication - Started EnotesApiServiceApplication in 6.798 seconds (process running for 390.176)
2025-12-55 23 INFO  [restartedMain] o.s.b.d.a.ConditionEvaluationDeltaLoggingListener - Condition evaluation unchanged
2025-12-56 23 INFO  [http-nio-8080-exec-2] o.a.c.c.C.[Tomcat].[localhost].[/] - Initializing Spring DispatcherServlet 'dispatcherServlet'
2025-12-56 23 INFO  [http-nio-8080-exec-2] o.s.web.servlet.DispatcherServlet - Initializing Servlet 'dispatcherServlet'
2025-12-56 23 INFO  [http-nio-8080-exec-2] o.s.web.servlet.DispatcherServlet - Completed initialization in 7 ms
2025-12-56 23 INFO  [http-nio-8080-exec-2] com.becoder.aspect.LoggingAspect - Calling :: JwtServiceImpl :: extractUsername()
2025-12-56 23 INFO  [http-nio-8080-exec-3] com.becoder.aspect.LoggingAspect - Calling :: AuthController :: login()
2025-12-56 23 INFO  [http-nio-8080-exec-3] com.becoder.aspect.LoggingAspect - Calling :: AuthServiceImpl :: login()
2025-12-56 23 INFO  [http-nio-8080-exec-3] com.becoder.aspect.LoggingAspect - Calling :: JwtServiceImpl :: generateToken()
2025-12-56 23 INFO  [http-nio-8080-exec-3] com.becoder.aspect.LoggingAspect - Exceution End :: JwtServiceImpl :: generateToken() ::5 ms
2025-12-56 23 INFO  [http-nio-8080-exec-3] com.becoder.aspect.LoggingAspect - Exceution End :: AuthServiceImpl :: login() ::757 ms
2025-12-56 23 INFO  [http-nio-8080-exec-3] com.becoder.aspect.LoggingAspect - Exceution End :: AuthController :: login() ::760 ms
2025-12-56 23 INFO  [http-nio-8080-exec-4] com.becoder.aspect.LoggingAspect - Calling :: JwtServiceImpl :: extractUsername()
2025-12-56 23 INFO  [http-nio-8080-exec-4] com.becoder.aspect.LoggingAspect - Exceution End :: JwtServiceImpl :: extractUsername() ::5 ms
2025-12-56 23 INFO  [http-nio-8080-exec-4] com.becoder.aspect.LoggingAspect - Calling :: JwtServiceImpl :: validateToken()
2025-12-56 23 INFO  [http-nio-8080-exec-4] com.becoder.aspect.LoggingAspect - Exceution End :: JwtServiceImpl :: validateToken() ::18 ms
2025-12-56 23 INFO  [http-nio-8080-exec-4] com.becoder.aspect.LoggingAspect - Calling :: CategoryController :: getAllCategory()
2025-12-56 23 INFO  [http-nio-8080-exec-4] com.becoder.aspect.LoggingAspect - Calling :: CategoryServiceImpl :: getAllCategory()
2025-12-56 23 INFO  [http-nio-8080-exec-4] com.becoder.aspect.LoggingAspect - Exceution End :: CategoryServiceImpl :: getAllCategory() ::62 ms
2025-12-56 23 INFO  [http-nio-8080-exec-4] com.becoder.aspect.LoggingAspect - Exceution End :: CategoryController :: getAllCategory() ::69 ms
2025-12-56 23 INFO  [http-nio-8080-exec-6] com.becoder.aspect.LoggingAspect - Calling :: JwtServiceImpl :: extractUsername()
2025-12-56 23 INFO  [http-nio-8080-exec-6] com.becoder.aspect.LoggingAspect - Exceution End :: JwtServiceImpl :: extractUsername() ::3 ms
2025-12-56 23 INFO  [http-nio-8080-exec-6] com.becoder.aspect.LoggingAspect - Calling :: JwtServiceImpl :: validateToken()
2025-12-56 23 INFO  [http-nio-8080-exec-6] com.becoder.aspect.LoggingAspect - Exceution End :: JwtServiceImpl :: validateToken() ::4 ms
2025-12-56 23 INFO  [http-nio-8080-exec-6] com.becoder.aspect.LoggingAspect - Calling :: CategoryController :: getAllCategory()
2025-12-56 23 INFO  [http-nio-8080-exec-6] com.becoder.aspect.LoggingAspect - Exceution End :: CategoryController :: getAllCategory() ::4 ms
2025-12-57 23 INFO  [RMI TCP Connection(13)-127.0.0.1] o.s.b.a.SpringApplicationAdminMXBeanRegistrar$SpringApplicationAdmin - Application shutdown requested.
2025-12-57 23 INFO  [RMI TCP Connection(13)-127.0.0.1] o.a.coyote.http11.Http11NioProtocol - Stopping ProtocolHandler ["http-nio-8080"]
2025-12-57 23 INFO  [RMI TCP Connection(13)-127.0.0.1] o.s.o.j.LocalContainerEntityManagerFactoryBean - Closing JPA EntityManagerFactory for persistence unit 'default'
2025-12-57 23 INFO  [RMI TCP Connection(13)-127.0.0.1] com.zaxxer.hikari.HikariDataSource - HikariPool-4 - Shutdown initiated...
2025-12-57 23 INFO  [RMI TCP Connection(13)-127.0.0.1] com.zaxxer.hikari.HikariDataSource - HikariPool-4 - Shutdown completed.
2025-12-57 23 INFO  [restartedMain] c.b.EnotesApiServiceApplication - Starting EnotesApiServiceApplication using Java 17.0.7 with PID 19488 (D:\Youtube\Projects\enotes-api-service\enotes-api-service\target\classes started by Pabitra in D:\Youtube\Projects\enotes-api-service\enotes-api-service)
2025-12-57 23 INFO  [restartedMain] c.b.EnotesApiServiceApplication - The following 1 profile is active: "dev"
2025-12-57 23 INFO  [restartedMain] o.s.b.d.e.DevToolsPropertyDefaultsPostProcessor - Devtools property defaults active! Set 'spring.devtools.add-properties' to 'false' to disable
2025-12-57 23 INFO  [restartedMain] o.s.b.d.e.DevToolsPropertyDefaultsPostProcessor - For additional web related logging consider setting the 'logging.level.web' property to 'DEBUG'
2025-12-57 23 INFO  [restartedMain] o.s.d.r.c.RepositoryConfigurationDelegate - Bootstrapping Spring Data JPA repositories in DEFAULT mode.
2025-12-57 23 INFO  [restartedMain] o.s.d.r.c.RepositoryConfigurationDelegate - Finished Spring Data repository scanning in 151 ms. Found 7 JPA repository interfaces.
2025-12-57 23 INFO  [restartedMain] o.s.b.w.e.tomcat.TomcatWebServer - Tomcat initialized with port 8080 (http)
2025-12-57 23 INFO  [restartedMain] o.a.coyote.http11.Http11NioProtocol - Initializing ProtocolHandler ["http-nio-8080"]
2025-12-57 23 INFO  [restartedMain] o.a.catalina.core.StandardService - Starting service [Tomcat]
2025-12-57 23 INFO  [restartedMain] o.a.catalina.core.StandardEngine - Starting Servlet engine: [Apache Tomcat/10.1.30]
2025-12-57 23 INFO  [restartedMain] o.a.c.c.C.[Tomcat].[localhost].[/] - Initializing Spring embedded WebApplicationContext
2025-12-57 23 INFO  [restartedMain] o.s.b.w.s.c.ServletWebServerApplicationContext - Root WebApplicationContext: initialization completed in 5335 ms
2025-12-57 23 INFO  [restartedMain] o.h.jpa.internal.util.LogHelper - HHH000204: Processing PersistenceUnitInfo [name: default]
2025-12-57 23 INFO  [restartedMain] org.hibernate.Version - HHH000412: Hibernate ORM core version 6.5.3.Final
2025-12-57 23 INFO  [restartedMain] o.h.c.i.RegionFactoryInitiator - HHH000026: Second-level cache disabled
2025-12-57 23 INFO  [restartedMain] o.s.o.j.p.SpringPersistenceUnitInfo - No LoadTimeWeaver setup: ignoring JPA class transformer
2025-12-57 23 INFO  [restartedMain] com.zaxxer.hikari.HikariDataSource - HikariPool-1 - Starting...
2025-12-57 23 INFO  [restartedMain] com.zaxxer.hikari.pool.HikariPool - HikariPool-1 - Added connection com.mysql.cj.jdbc.ConnectionImpl@2aadeb4b
2025-12-57 23 INFO  [restartedMain] com.zaxxer.hikari.HikariDataSource - HikariPool-1 - Start completed.
2025-12-57 23 WARN  [restartedMain] org.hibernate.orm.deprecation - HHH90000025: MySQL8Dialect does not need to be specified explicitly using 'hibernate.dialect' (remove the property setting and it will be selected by default)
2025-12-57 23 WARN  [restartedMain] org.hibernate.orm.deprecation - HHH90000026: MySQL8Dialect has been deprecated; use org.hibernate.dialect.MySQLDialect instead
2025-12-57 23 INFO  [restartedMain] o.h.e.t.j.p.i.JtaPlatformInitiator - HHH000489: No JTA platform available (set 'hibernate.transaction.jta.platform' to enable JTA platform integration)
2025-12-57 23 INFO  [restartedMain] o.s.o.j.LocalContainerEntityManagerFactoryBean - Initialized JPA EntityManagerFactory for persistence unit 'default'
2025-12-57 23 INFO  [restartedMain] o.s.s.c.a.a.c.InitializeAuthenticationProviderBeanManagerConfigurer$InitializeAuthenticationProviderManagerConfigurer - Global AuthenticationManager configured with AuthenticationProvider bean with name authenticationProvider
2025-12-57 23 WARN  [restartedMain] o.s.s.c.a.a.c.InitializeUserDetailsBeanManagerConfigurer$InitializeUserDetailsManagerConfigurer - Global AuthenticationManager configured with an AuthenticationProvider bean. UserDetailsService beans will not be used for username/password login. Consider removing the AuthenticationProvider bean. Alternatively, consider using the UserDetailsService in a manually instantiated DaoAuthenticationProvider.
2025-12-57 23 INFO  [restartedMain] o.s.d.j.r.query.QueryEnhancerFactory - Hibernate is in classpath; If applicable, HQL parser will be used.
2025-12-57 23 WARN  [restartedMain] o.s.b.a.o.j.JpaBaseConfiguration$JpaWebConfiguration - spring.jpa.open-in-view is enabled by default. Therefore, database queries may be performed during view rendering. Explicitly configure spring.jpa.open-in-view to disable this warning
2025-12-57 23 INFO  [restartedMain] o.s.b.a.e.web.EndpointLinksResolver - Exposing 13 endpoints beneath base path '/actuator'
2025-12-57 23 INFO  [restartedMain] o.s.b.d.a.OptionalLiveReloadServer - LiveReload server is running on port 35729
2025-12-57 23 INFO  [restartedMain] o.a.coyote.http11.Http11NioProtocol - Starting ProtocolHandler ["http-nio-8080"]
2025-12-57 23 INFO  [restartedMain] o.s.b.w.e.tomcat.TomcatWebServer - Tomcat started on port 8080 (http) with context path '/'
2025-12-57 23 INFO  [restartedMain] c.b.EnotesApiServiceApplication - Started EnotesApiServiceApplication in 25.075 seconds (process running for 28.154)
2025-12-57 23 INFO  [RMI TCP Connection(3)-127.0.0.1] o.a.c.c.C.[Tomcat].[localhost].[/] - Initializing Spring DispatcherServlet 'dispatcherServlet'
2025-12-57 23 INFO  [RMI TCP Connection(3)-127.0.0.1] o.s.web.servlet.DispatcherServlet - Initializing Servlet 'dispatcherServlet'
2025-12-57 23 INFO  [RMI TCP Connection(3)-127.0.0.1] o.s.web.servlet.DispatcherServlet - Completed initialization in 7 ms
2025-12-57 23 INFO  [http-nio-8080-exec-5] com.becoder.aspect.LoggingAspect - Calling :: JwtServiceImpl :: extractUsername()
2025-12-58 23 INFO  [http-nio-8080-exec-2] com.becoder.aspect.LoggingAspect - Calling :: AuthController :: login()
2025-12-58 23 INFO  [http-nio-8080-exec-2] com.becoder.aspect.LoggingAspect - Calling :: AuthServiceImpl :: login()
2025-12-58 23 INFO  [http-nio-8080-exec-2] com.becoder.aspect.LoggingAspect - Calling :: JwtServiceImpl :: generateToken()
2025-12-58 23 INFO  [http-nio-8080-exec-2] com.becoder.aspect.LoggingAspect - Exceution End :: JwtServiceImpl :: generateToken() ::98 ms
2025-12-58 23 INFO  [http-nio-8080-exec-2] com.becoder.aspect.LoggingAspect - Exceution End :: AuthServiceImpl :: login() ::1670 ms
2025-12-58 23 INFO  [http-nio-8080-exec-2] com.becoder.aspect.LoggingAspect - Exceution End :: AuthController :: login() ::1675 ms
2025-12-58 23 INFO  [http-nio-8080-exec-3] com.becoder.aspect.LoggingAspect - Calling :: JwtServiceImpl :: extractUsername()
2025-12-58 23 INFO  [http-nio-8080-exec-3] com.becoder.aspect.LoggingAspect - Exceution End :: JwtServiceImpl :: extractUsername() ::29 ms
2025-12-58 23 INFO  [http-nio-8080-exec-3] com.becoder.aspect.LoggingAspect - Calling :: JwtServiceImpl :: validateToken()
2025-12-58 23 INFO  [http-nio-8080-exec-3] com.becoder.aspect.LoggingAspect - Exceution End :: JwtServiceImpl :: validateToken() ::6 ms
2025-12-58 23 INFO  [http-nio-8080-exec-3] com.becoder.aspect.LoggingAspect - Calling :: CategoryController :: getAllCategory()
2025-12-58 23 INFO  [http-nio-8080-exec-3] com.becoder.aspect.LoggingAspect - Calling :: CategoryServiceImpl :: getAllCategory()
2025-12-59 23 INFO  [http-nio-8080-exec-3] com.becoder.aspect.LoggingAspect - Exceution End :: CategoryServiceImpl :: getAllCategory() ::24684 ms
2025-12-59 23 INFO  [http-nio-8080-exec-3] com.becoder.aspect.LoggingAspect - Exceution End :: CategoryController :: getAllCategory() ::39356 ms
2025-12-59 23 INFO  [http-nio-8080-exec-7] com.becoder.aspect.LoggingAspect - Calling :: JwtServiceImpl :: extractUsername()
2025-12-59 23 INFO  [http-nio-8080-exec-7] com.becoder.aspect.LoggingAspect - Exceution End :: JwtServiceImpl :: extractUsername() ::3 ms
2025-12-59 23 INFO  [http-nio-8080-exec-7] com.becoder.aspect.LoggingAspect - Calling :: JwtServiceImpl :: validateToken()
2025-12-59 23 INFO  [http-nio-8080-exec-7] com.becoder.aspect.LoggingAspect - Exceution End :: JwtServiceImpl :: validateToken() ::4 ms
2025-12-59 23 INFO  [http-nio-8080-exec-7] com.becoder.aspect.LoggingAspect - Calling :: CategoryController :: getAllCategory()
