2025-18-50 00 INFO  [main] o.s.t.c.s.AnnotationConfigContextLoaderUtils - Could not detect default configuration classes for test class [com.becoder.integration.CategoryControllerTest]: CategoryControllerTest does not declare any static, non-private, non-final, nested classes annotated with @Configuration.
2025-18-50 00 INFO  [main] o.s.b.t.c.SpringBootTestContextBootstrapper - Found @SpringBootConfiguration com.becoder.EnotesApiServiceApplication for test class com.becoder.integration.CategoryControllerTest
2025-18-50 00 INFO  [main] o.s.b.d.r.RestartApplicationListener - Restart disabled due to context in which it is running
2025-18-50 00 INFO  [main] c.b.i.CategoryControllerTest - Starting CategoryControllerTest using Java 17.0.7 with PID 16712 (started by Pabitra in D:\Youtube\Projects\enotes-api-service\enotes-api-service)
2025-18-50 00 INFO  [main] c.b.i.CategoryControllerTest - The following 1 profile is active: "dev"
2025-18-50 00 INFO  [main] o.s.d.r.c.RepositoryConfigurationDelegate - Bootstrapping Spring Data JPA repositories in DEFAULT mode.
2025-18-50 00 INFO  [main] o.s.d.r.c.RepositoryConfigurationDelegate - Finished Spring Data repository scanning in 162 ms. Found 7 JPA repository interfaces.
2025-18-50 00 INFO  [main] o.h.jpa.internal.util.LogHelper - HHH000204: Processing PersistenceUnitInfo [name: default]
2025-18-50 00 INFO  [main] org.hibernate.Version - HHH000412: Hibernate ORM core version 6.5.3.Final
2025-18-50 00 INFO  [main] o.h.c.i.RegionFactoryInitiator - HHH000026: Second-level cache disabled
2025-18-51 00 INFO  [main] o.s.o.j.p.SpringPersistenceUnitInfo - No LoadTimeWeaver setup: ignoring JPA class transformer
2025-18-51 00 INFO  [main] com.zaxxer.hikari.HikariDataSource - HikariPool-1 - Starting...
2025-18-51 00 INFO  [main] com.zaxxer.hikari.pool.HikariPool - HikariPool-1 - Added connection com.mysql.cj.jdbc.ConnectionImpl@14ee143a
2025-18-51 00 INFO  [main] com.zaxxer.hikari.HikariDataSource - HikariPool-1 - Start completed.
2025-18-51 00 WARN  [main] org.hibernate.orm.deprecation - HHH90000025: MySQL8Dialect does not need to be specified explicitly using 'hibernate.dialect' (remove the property setting and it will be selected by default)
2025-18-51 00 WARN  [main] org.hibernate.orm.deprecation - HHH90000026: MySQL8Dialect has been deprecated; use org.hibernate.dialect.MySQLDialect instead
2025-18-51 00 INFO  [main] o.h.e.t.j.p.i.JtaPlatformInitiator - HHH000489: No JTA platform available (set 'hibernate.transaction.jta.platform' to enable JTA platform integration)
2025-18-51 00 INFO  [main] o.s.o.j.LocalContainerEntityManagerFactoryBean - Initialized JPA EntityManagerFactory for persistence unit 'default'
2025-18-51 00 INFO  [main] o.s.s.c.a.a.c.InitializeAuthenticationProviderBeanManagerConfigurer$InitializeAuthenticationProviderManagerConfigurer - Global AuthenticationManager configured with AuthenticationProvider bean with name authenticationProvider
2025-18-51 00 WARN  [main] o.s.s.c.a.a.c.InitializeUserDetailsBeanManagerConfigurer$InitializeUserDetailsManagerConfigurer - Global AuthenticationManager configured with an AuthenticationProvider bean. UserDetailsService beans will not be used for username/password login. Consider removing the AuthenticationProvider bean. Alternatively, consider using the UserDetailsService in a manually instantiated DaoAuthenticationProvider.
2025-18-51 00 INFO  [main] o.s.d.j.r.query.QueryEnhancerFactory - Hibernate is in classpath; If applicable, HQL parser will be used.
2025-18-51 00 WARN  [main] o.s.b.a.o.j.JpaBaseConfiguration$JpaWebConfiguration - spring.jpa.open-in-view is enabled by default. Therefore, database queries may be performed during view rendering. Explicitly configure spring.jpa.open-in-view to disable this warning
2025-18-51 00 INFO  [main] o.s.b.a.e.web.EndpointLinksResolver - Exposing 13 endpoints beneath base path '/actuator'
2025-18-51 00 INFO  [main] o.s.b.t.m.w.SpringBootMockServletContext - Initializing Spring TestDispatcherServlet ''
2025-18-51 00 INFO  [main] o.s.t.w.s.TestDispatcherServlet - Initializing Servlet ''
2025-18-51 00 INFO  [main] o.s.t.w.s.TestDispatcherServlet - Completed initialization in 6 ms
2025-18-51 00 INFO  [main] c.b.i.CategoryControllerTest - Started CategoryControllerTest in 26.642 seconds (process running for 28.876)
2025-18-51 00 INFO  [SpringApplicationShutdownHook] o.s.o.j.LocalContainerEntityManagerFactoryBean - Closing JPA EntityManagerFactory for persistence unit 'default'
2025-18-51 00 INFO  [SpringApplicationShutdownHook] com.zaxxer.hikari.HikariDataSource - HikariPool-1 - Shutdown initiated...
2025-18-51 00 INFO  [SpringApplicationShutdownHook] com.zaxxer.hikari.HikariDataSource - HikariPool-1 - Shutdown completed.
2025-18-57 00 INFO  [main] o.s.t.c.s.AnnotationConfigContextLoaderUtils - Could not detect default configuration classes for test class [com.becoder.integration.CategoryControllerTest]: CategoryControllerTest does not declare any static, non-private, non-final, nested classes annotated with @Configuration.
2025-18-57 00 INFO  [main] o.s.b.t.c.SpringBootTestContextBootstrapper - Found @SpringBootConfiguration com.becoder.EnotesApiServiceApplication for test class com.becoder.integration.CategoryControllerTest
2025-18-57 00 INFO  [main] o.s.b.d.r.RestartApplicationListener - Restart disabled due to context in which it is running
2025-18-57 00 INFO  [main] c.b.i.CategoryControllerTest - Starting CategoryControllerTest using Java 17.0.7 with PID 12796 (started by Pabitra in D:\Youtube\Projects\enotes-api-service\enotes-api-service)
2025-18-57 00 INFO  [main] c.b.i.CategoryControllerTest - The following 1 profile is active: "dev"
2025-18-57 00 INFO  [main] o.s.d.r.c.RepositoryConfigurationDelegate - Bootstrapping Spring Data JPA repositories in DEFAULT mode.
2025-18-57 00 INFO  [main] o.s.d.r.c.RepositoryConfigurationDelegate - Finished Spring Data repository scanning in 236 ms. Found 7 JPA repository interfaces.
2025-18-57 00 INFO  [main] o.h.jpa.internal.util.LogHelper - HHH000204: Processing PersistenceUnitInfo [name: default]
2025-18-57 00 INFO  [main] org.hibernate.Version - HHH000412: Hibernate ORM core version 6.5.3.Final
2025-18-57 00 INFO  [main] o.h.c.i.RegionFactoryInitiator - HHH000026: Second-level cache disabled
2025-18-57 00 INFO  [main] o.s.o.j.p.SpringPersistenceUnitInfo - No LoadTimeWeaver setup: ignoring JPA class transformer
2025-18-57 00 INFO  [main] com.zaxxer.hikari.HikariDataSource - HikariPool-1 - Starting...
2025-18-57 00 INFO  [main] com.zaxxer.hikari.pool.HikariPool - HikariPool-1 - Added connection com.mysql.cj.jdbc.ConnectionImpl@73417494
2025-18-57 00 INFO  [main] com.zaxxer.hikari.HikariDataSource - HikariPool-1 - Start completed.
2025-18-57 00 WARN  [main] org.hibernate.orm.deprecation - HHH90000025: MySQL8Dialect does not need to be specified explicitly using 'hibernate.dialect' (remove the property setting and it will be selected by default)
2025-18-57 00 WARN  [main] org.hibernate.orm.deprecation - HHH90000026: MySQL8Dialect has been deprecated; use org.hibernate.dialect.MySQLDialect instead
2025-18-57 00 INFO  [main] o.h.e.t.j.p.i.JtaPlatformInitiator - HHH000489: No JTA platform available (set 'hibernate.transaction.jta.platform' to enable JTA platform integration)
2025-18-57 00 INFO  [main] o.s.o.j.LocalContainerEntityManagerFactoryBean - Initialized JPA EntityManagerFactory for persistence unit 'default'
2025-18-57 00 INFO  [main] o.s.s.c.a.a.c.InitializeAuthenticationProviderBeanManagerConfigurer$InitializeAuthenticationProviderManagerConfigurer - Global AuthenticationManager configured with AuthenticationProvider bean with name authenticationProvider
2025-18-57 00 WARN  [main] o.s.s.c.a.a.c.InitializeUserDetailsBeanManagerConfigurer$InitializeUserDetailsManagerConfigurer - Global AuthenticationManager configured with an AuthenticationProvider bean. UserDetailsService beans will not be used for username/password login. Consider removing the AuthenticationProvider bean. Alternatively, consider using the UserDetailsService in a manually instantiated DaoAuthenticationProvider.
2025-18-57 00 INFO  [main] o.s.d.j.r.query.QueryEnhancerFactory - Hibernate is in classpath; If applicable, HQL parser will be used.
2025-18-57 00 WARN  [main] o.s.b.a.o.j.JpaBaseConfiguration$JpaWebConfiguration - spring.jpa.open-in-view is enabled by default. Therefore, database queries may be performed during view rendering. Explicitly configure spring.jpa.open-in-view to disable this warning
2025-18-57 00 INFO  [main] o.s.b.a.e.web.EndpointLinksResolver - Exposing 13 endpoints beneath base path '/actuator'
2025-18-57 00 INFO  [main] o.s.b.t.m.w.SpringBootMockServletContext - Initializing Spring TestDispatcherServlet ''
2025-18-57 00 INFO  [main] o.s.t.w.s.TestDispatcherServlet - Initializing Servlet ''
2025-18-57 00 INFO  [main] o.s.t.w.s.TestDispatcherServlet - Completed initialization in 6 ms
2025-18-57 00 INFO  [main] c.b.i.CategoryControllerTest - Started CategoryControllerTest in 24.154 seconds (process running for 26.273)
2025-18-57 00 INFO  [main] com.becoder.aspect.LoggingAspect - Calling :: AuthController :: login()
2025-18-57 00 INFO  [main] com.becoder.aspect.LoggingAspect - Calling :: AuthServiceImpl :: login()
2025-18-57 00 INFO  [main] com.becoder.aspect.LoggingAspect - Calling :: JwtServiceImpl :: generateToken()
2025-18-57 00 INFO  [main] com.becoder.aspect.LoggingAspect - Exceution End :: JwtServiceImpl :: generateToken() ::180 ms
2025-18-57 00 INFO  [main] com.becoder.aspect.LoggingAspect - Exceution End :: AuthServiceImpl :: login() ::1030 ms
2025-18-57 00 INFO  [main] com.becoder.aspect.LoggingAspect - Exceution End :: AuthController :: login() ::1042 ms
2025-18-57 00 INFO  [main] com.becoder.aspect.LoggingAspect - Calling :: JwtServiceImpl :: extractUsername()
2025-18-57 00 INFO  [main] com.becoder.aspect.LoggingAspect - Exceution End :: JwtServiceImpl :: extractUsername() ::80 ms
2025-18-57 00 INFO  [main] com.becoder.aspect.LoggingAspect - Calling :: JwtServiceImpl :: validateToken()
2025-18-57 00 INFO  [main] com.becoder.aspect.LoggingAspect - Exceution End :: JwtServiceImpl :: validateToken() ::3 ms
2025-18-57 00 INFO  [main] com.becoder.aspect.LoggingAspect - Calling :: CategoryController :: saveCategory()
2025-18-57 00 INFO  [main] com.becoder.aspect.LoggingAspect - Calling :: CategoryServiceImpl :: saveCategory()
2025-18-57 00 INFO  [main] com.becoder.aspect.LoggingAspect - Exceution End :: CategoryServiceImpl :: saveCategory() ::320 ms
2025-18-57 00 INFO  [main] com.becoder.aspect.LoggingAspect - Exceution End :: CategoryController :: saveCategory() ::322 ms
2025-18-57 00 INFO  [SpringApplicationShutdownHook] o.s.o.j.LocalContainerEntityManagerFactoryBean - Closing JPA EntityManagerFactory for persistence unit 'default'
2025-18-57 00 INFO  [SpringApplicationShutdownHook] com.zaxxer.hikari.HikariDataSource - HikariPool-1 - Shutdown initiated...
2025-18-57 00 INFO  [SpringApplicationShutdownHook] com.zaxxer.hikari.HikariDataSource - HikariPool-1 - Shutdown completed.
